c:\users\jhn06\desktop\새 폴더\mfc_paint-master\x64\debug\proj2018.pch
c:\users\jhn06\desktop\새 폴더\mfc_paint-master\x64\debug\vc141.pdb
c:\users\jhn06\desktop\새 폴더\mfc_paint-master\x64\debug\vc141.idb
c:\users\jhn06\desktop\새 폴더\mfc_paint-master\x64\debug\stdafx.obj
c:\users\jhn06\desktop\새 폴더\mfc_paint-master\x64\debug\view.obj
c:\users\jhn06\desktop\새 폴더\mfc_paint-master\x64\debug\toolbar.obj
c:\users\jhn06\desktop\새 폴더\mfc_paint-master\x64\debug\tbutton.obj
c:\users\jhn06\desktop\새 폴더\mfc_paint-master\x64\debug\rect.obj
c:\users\jhn06\desktop\새 폴더\mfc_paint-master\x64\debug\figure.obj
c:\users\jhn06\desktop\새 폴더\mfc_paint-master\x64\debug\proj2018.obj
c:\users\jhn06\desktop\새 폴더\mfc_paint-master\x64\debug\myview.obj
c:\users\jhn06\desktop\새 폴더\mfc_paint-master\x64\debug\mybutton.obj
c:\users\jhn06\desktop\새 폴더\mfc_paint-master\x64\debug\misc.obj
c:\users\jhn06\desktop\새 폴더\mfc_paint-master\x64\debug\ellipse.obj
c:\users\jhn06\desktop\새 폴더\mfc_paint-master\x64\debug\cline.obj
c:\users\jhn06\desktop\새 폴더\mfc_paint-master\x64\debug\component.obj
c:\users\jhn06\desktop\새 폴더\version1\x64\debug\proj2018.pch
c:\users\jhn06\desktop\새 폴더\version1\x64\debug\vc141.pdb
c:\users\jhn06\desktop\새 폴더\version1\x64\debug\vc141.idb
c:\users\jhn06\desktop\새 폴더\version1\x64\debug\stdafx.obj
c:\users\jhn06\desktop\새 폴더\version1\x64\debug\view.obj
c:\users\jhn06\desktop\새 폴더\version1\x64\debug\toolbar.obj
c:\users\jhn06\desktop\새 폴더\version1\x64\debug\tbutton.obj
c:\users\jhn06\desktop\새 폴더\version1\x64\debug\rect.obj
c:\users\jhn06\desktop\새 폴더\version1\x64\debug\figure.obj
c:\users\jhn06\desktop\새 폴더\version1\x64\debug\proj2018.obj
c:\users\jhn06\desktop\새 폴더\version1\x64\debug\myview.obj
c:\users\jhn06\desktop\새 폴더\version1\x64\debug\mybutton.obj
c:\users\jhn06\desktop\새 폴더\version1\x64\debug\misc.obj
c:\users\jhn06\desktop\새 폴더\version1\x64\debug\ellipse.obj
c:\users\jhn06\desktop\새 폴더\version1\x64\debug\component.obj
c:\users\jhn06\desktop\새 폴더\version1\x64\debug\cline.obj
c:\users\jhn06\desktop\새 폴더\version2\x64\debug\proj2018.pch
c:\users\jhn06\desktop\새 폴더\version2\x64\debug\vc141.pdb
c:\users\jhn06\desktop\새 폴더\version2\x64\debug\vc141.idb
c:\users\jhn06\desktop\새 폴더\version2\x64\debug\stdafx.obj
c:\users\jhn06\desktop\새 폴더\version2\x64\debug\view.obj
c:\users\jhn06\desktop\새 폴더\version2\x64\debug\toolbar.obj
c:\users\jhn06\desktop\새 폴더\version2\x64\debug\rect.obj
c:\users\jhn06\desktop\새 폴더\version2\x64\debug\figure.obj
c:\users\jhn06\desktop\새 폴더\version2\x64\debug\proj2018.obj
c:\users\jhn06\desktop\새 폴더\version2\x64\debug\myview.obj
c:\users\jhn06\desktop\새 폴더\version2\x64\debug\mybutton.obj
c:\users\jhn06\desktop\새 폴더\version2\x64\debug\misc.obj
c:\users\jhn06\desktop\새 폴더\version2\x64\debug\ellipse.obj
c:\users\jhn06\desktop\새 폴더\version2\x64\debug\container.obj
c:\users\jhn06\desktop\새 폴더\version2\x64\debug\component.obj
c:\users\jhn06\desktop\새 폴더\version2\x64\debug\cline.obj
c:\users\jhn06\desktop\새 폴더\version2\x64\debug\tbutton.obj
c:\users\jhn06\desktop\새 폴더\version2\x64\debug\menuitem.obj
c:\users\jhn06\desktop\새 폴더\version2\x64\debug\menubar.obj
c:\users\jhn06\desktop\새 폴더\version2\x64\debug\menu.obj
c:\users\jhn06\desktop\새 폴더\version2\x64\debug\actionlistener.obj
c:\users\jhn06\desktop\새 폴더\mfc_paint-master\x64\debug\proj2018.exe
c:\users\jhn06\desktop\새 폴더\mfc_paint-master\x64\debug\proj2018.ilk
c:\users\jhn06\desktop\새 폴더\mfc_paint-master\x64\debug\proj2018.pdb
c:\users\jhn06\desktop\새 폴더\version1\x64\debug\proj2018.exe
c:\users\jhn06\desktop\새 폴더\version1\x64\debug\proj2018.ilk
c:\users\jhn06\desktop\새 폴더\version1\x64\debug\proj2018.pdb
c:\users\jhn06\desktop\새 폴더\version2\x64\debug\proj2018.exe
c:\users\jhn06\desktop\새 폴더\version2\x64\debug\proj2018.ilk
c:\users\jhn06\desktop\새 폴더\version2\x64\debug\proj2018.pdb
c:\users\jhn06\desktop\새 폴더\mfc_paint-master\x64\debug\proj2018.res
c:\users\jhn06\desktop\새 폴더\version1\x64\debug\proj2018.res
c:\users\jhn06\desktop\새 폴더\version2\x64\debug\proj2018.res
c:\users\jhn06\desktop\새 폴더\version2\x64\debug\myview.obj.enc
c:\users\jhn06\desktop\새 폴더\version2\x64\debug\tbutton.obj.enc
c:\users\jhn06\desktop\새 폴더\version2\x64\debug\proj2018.tlog\cl.command.1.tlog
c:\users\jhn06\desktop\새 폴더\version2\x64\debug\proj2018.tlog\cl.read.1.tlog
c:\users\jhn06\desktop\새 폴더\version2\x64\debug\proj2018.tlog\cl.write.1.tlog
c:\users\jhn06\desktop\새 폴더\version2\x64\debug\proj2018.tlog\link.command.1.tlog
c:\users\jhn06\desktop\새 폴더\version2\x64\debug\proj2018.tlog\link.read.1.tlog
c:\users\jhn06\desktop\새 폴더\version2\x64\debug\proj2018.tlog\link.write.1.tlog
c:\users\jhn06\desktop\새 폴더\version2\x64\debug\proj2018.tlog\rc.command.1.tlog
c:\users\jhn06\desktop\새 폴더\version2\x64\debug\proj2018.tlog\rc.read.1.tlog
c:\users\jhn06\desktop\새 폴더\version2\x64\debug\proj2018.tlog\rc.write.1.tlog
